d:\progects\gframew32\gframew32\debug\gframew32.pch
d:\progects\gframew32\gframew32\debug\vc140.pdb
d:\progects\gframew32\gframew32\debug\vc140.idb
d:\progects\gframew32\gframew32\debug\stdafx.obj
d:\progects\gframew32\gframew32\debug\dibsection.obj
d:\progects\gframew32\gframew32\debug\gf.obj
d:\progects\gframew32\gframew32\debug\gframew32.obj
d:\progects\gframew32\gframew32\debug\graphics.obj
d:\progects\gframew32\debug\gframew32.ilk
d:\progects\gframew32\debug\gframew32.exe
d:\progects\gframew32\debug\gframew32.pdb
d:\progects\gframew32\gframew32\debug\gframew32.res
d:\progects\gframew32\gframew32\debug\gframew32.tlog\cl.command.1.tlog
d:\progects\gframew32\gframew32\debug\gframew32.tlog\cl.read.1.tlog
d:\progects\gframew32\gframew32\debug\gframew32.tlog\cl.write.1.tlog
d:\progects\gframew32\gframew32\debug\gframew32.tlog\link.command.1.tlog
d:\progects\gframew32\gframew32\debug\gframew32.tlog\link.read.1.tlog
d:\progects\gframew32\gframew32\debug\gframew32.tlog\link.write.1.tlog
d:\progects\gframew32\gframew32\debug\gframew32.tlog\rc.command.1.tlog
d:\progects\gframew32\gframew32\debug\gframew32.tlog\rc.read.1.tlog
d:\progects\gframew32\gframew32\debug\gframew32.tlog\rc.write.1.tlog
